<?xml version="1.0" encoding="UTF-8"?>
<!-- Generated by org.testng.reporters.JUnitXMLReporter -->
<testsuite hostname="DESKTOP-J1CGGHU" ignored="0" name="Different Feautures Test" tests="27" failures="1" timestamp="2021-01-19T13:06:10 IST" time="223.463" errors="0">
  <testcase name="@BeforeMethod setUp" time="102.303" classname="com.test.GoogleTest">
    <failure type="org.openqa.selenium.TimeoutException" message="timeout: Timed out receiving message from renderer: 29.875
  (Session info: chrome=87.0.4280.141)
Build info: version: &amp;apos;3.141.59&amp;apos;, revision: &amp;apos;e82be7d358&amp;apos;, time: &amp;apos;2018-11-14T08:25:48&amp;apos;
System info: host: &amp;apos;DESKTOP-J1CGGHU&amp;apos;, ip: &amp;apos;192.168.0.103&amp;apos;, os.name: &amp;apos;Windows 10&amp;apos;, os.arch: &amp;apos;amd64&amp;apos;, os.version: &amp;apos;10.0&amp;apos;, java.version: &amp;apos;1.8.0_261&amp;apos;
Driver info: org.openqa.selenium.chrome.ChromeDriver
Capabilities {acceptInsecureCerts: false, browserName: chrome, browserVersion: 87.0.4280.141, chrome: {chromedriverVersion: 86.0.4240.22 (398b0743353ff..., userDataDir: C:\Users\PARAME~1\AppData\L...}, goog:chromeOptions: {debuggerAddress: localhost:59619}, javascriptEnabled: true, networkConnectionEnabled: false, pageLoadStrategy: normal, platform: WINDOWS, platformName: WINDOWS, proxy: Proxy(), setWindowRect: true, strictFileInteractability: false, timeouts: {implicit: 0, pageLoad: 300000, script: 30000}, unhandledPromptBehavior: dismiss and notify, webauthn:virtualAuthenticators: true}
Session ID: 2b5345ac01b4b9f52ed30d06a89896f0">
      <![CDATA[org.openqa.selenium.TimeoutException: timeout: Timed out receiving message from renderer: 29.875
  (Session info: chrome=87.0.4280.141)
Build info: version: '3.141.59', revision: 'e82be7d358', time: '2018-11-14T08:25:48'
System info: host: 'DESKTOP-J1CGGHU', ip: '192.168.0.103', os.name: 'Windows 10', os.arch: 'amd64', os.version: '10.0', java.version: '1.8.0_261'
Driver info: org.openqa.selenium.chrome.ChromeDriver
Capabilities {acceptInsecureCerts: false, browserName: chrome, browserVersion: 87.0.4280.141, chrome: {chromedriverVersion: 86.0.4240.22 (398b0743353ff..., userDataDir: C:\Users\PARAME~1\AppData\L...}, goog:chromeOptions: {debuggerAddress: localhost:59619}, javascriptEnabled: true, networkConnectionEnabled: false, pageLoadStrategy: normal, platform: WINDOWS, platformName: WINDOWS, proxy: Proxy(), setWindowRect: true, strictFileInteractability: false, timeouts: {implicit: 0, pageLoad: 300000, script: 30000}, unhandledPromptBehavior: dismiss and notify, webauthn:virtualAuthenticators: true}
Session ID: 2b5345ac01b4b9f52ed30d06a89896f0
at org.openqa.selenium.remote.http.W3CHttpResponseCodec.createException(W3CHttpResponseCodec.java:187)
at org.openqa.selenium.remote.http.W3CHttpResponseCodec.decode(W3CHttpResponseCodec.java:122)
at org.openqa.selenium.remote.http.W3CHttpResponseCodec.decode(W3CHttpResponseCodec.java:49)
at org.openqa.selenium.remote.HttpCommandExecutor.execute(HttpCommandExecutor.java:158)
at org.openqa.selenium.remote.service.DriverCommandExecutor.execute(DriverCommandExecutor.java:83)
at org.openqa.selenium.remote.RemoteWebDriver.execute(RemoteWebDriver.java:552)
at org.openqa.selenium.remote.RemoteWebDriver.get(RemoteWebDriver.java:277)
at com.test.GoogleTest.setUp(GoogleTest.java:28)
at java.util.ArrayList.forEach(Unknown Source)
... Removed 35 stack frames]]>
    </failure>
  </testcase> <!-- @BeforeMethod setUp -->
  <testcase name="@AfterMethod tearDown" time="-1.611041644571E9" classname="com.test.GoogleTest">
    <skipped/>
  </testcase> <!-- @AfterMethod tearDown -->
  <testcase name="@BeforeMethod setUp" time="-1.611041644574E9" classname="com.test.GoogleTest">
    <skipped/>
  </testcase> <!-- @BeforeMethod setUp -->
  <testcase name="@AfterMethod tearDown" time="-1.611041644583E9" classname="com.test.GoogleTest">
    <skipped/>
  </testcase> <!-- @AfterMethod tearDown -->
  <testcase name="closeBrowser" time="0.016" classname="com.test.DependsOnMethods"/>
  <testcase name="enterUrl" time="0.006" classname="com.test.DependsOnMethods"/>
  <testcase name="googleTitleTest" time="0.004" classname="com.test.DependsOnMethods"/>
  <testcase name="launchBrowser" time="0.006" classname="com.test.DependsOnMethods"/>
  <testcase name="login" time="0.003" classname="com.test.DependsOnMethods"/>
  <testcase name="searchTest" time="0.001" classname="com.test.DependsOnMethods"/>
  <testcase name="googleLogoTest" time="0.002" classname="com.test.DependsOnMethods"/>
  <testcase name="logout" time="0.003" classname="com.test.DependsOnMethods"/>
  <testcase name="infiniteLoopTest" time="1.607" classname="com.test.ExceptionTimeOutTest">
    <failure type="org.testng.internal.thread.ThreadTimeoutException" message="Method com.test.ExceptionTimeOutTest.infiniteLoopTest() didn&amp;apos;t finish within the time-out 200">
      <![CDATA[org.testng.internal.thread.ThreadTimeoutException: Method com.test.ExceptionTimeOutTest.infiniteLoopTest() didn't finish within the time-out 200
at java.util.ArrayList.forEach(Unknown Source)
... Removed 24 stack frames]]>
    </failure>
  </testcase> <!-- infiniteLoopTest -->
  <testcase name="test1" time="0.051" classname="com.test.ExceptionTimeOutTest"/>
  <testcase name="googleTitleTest" time="0.0" classname="com.test.GoogleTest">
    <skipped/>
  </testcase> <!-- googleTitleTest -->
  <testcase name="mailLinkTest" time="0.0" classname="com.test.GoogleTest">
    <skipped/>
  </testcase> <!-- mailLinkTest -->
  <testcase name="googleLogoTest" time="7.462" classname="com.test.GoogleTitleTest"/>
  <testcase name="googleTitleTest" time="0.034" classname="com.test.GoogleTitleTest"/>
  <testcase name="sum" time="0.002" classname="com.test.InvocationCountTest"/>
  <testcase name="sum" time="0.011" classname="com.test.InvocationCountTest"/>
  <testcase name="sum" time="0.002" classname="com.test.InvocationCountTest"/>
  <testcase name="sum" time="0.01" classname="com.test.InvocationCountTest"/>
  <testcase name="sum" time="0.012" classname="com.test.InvocationCountTest"/>
  <testcase name="sum" time="0.015" classname="com.test.InvocationCountTest"/>
  <testcase name="sum" time="0.002" classname="com.test.InvocationCountTest"/>
  <testcase name="sum" time="0.012" classname="com.test.InvocationCountTest"/>
  <testcase name="sum" time="0.023" classname="com.test.InvocationCountTest"/>
  <testcase name="sum" time="0.004" classname="com.test.InvocationCountTest"/>
  <testcase name="googleLogoTest" time="0.023" classname="com.test.TestNGBasics"/>
  <testcase name="googleTitleTest" time="0.031" classname="com.test.TestNGBasics"/>
  <testcase name="searchTest" time="0.001" classname="com.test.TestNGBasics"/>
</testsuite> <!-- Different Feautures Test -->
